<?xml version="1.0" encoding="UTF-8"?>
<testng-results ignored="0" total="0" passed="0" failed="0" skipped="0">
  <reporter-output>
  </reporter-output>
  <suite started-at="2021-06-22T23:14:45 IST" name="Suite" finished-at="2021-06-22T23:14:45 IST" duration-ms="325">
    <groups>
      <group name="cucumber">
        <method signature="AbstractTestNGCucumberTests.runScenario(io.cucumber.testng.PickleWrapper,io.cucumber.testng.FeatureWrapper)[pri:0, instance:testRunner.Runner@37b70343]" name="runScenario" class="io.cucumber.testng.AbstractTestNGCucumberTests"/>
      </group> <!-- cucumber -->
    </groups>
    <test started-at="2021-06-22T23:14:45 IST" name="Test" finished-at="2021-06-22T23:14:45 IST" duration-ms="325">
      <class name="testRunner.Runner">
        <test-method is-config="true" signature="setUpClass()[pri:0, instance:testRunner.Runner@37b70343]" started-at="2021-06-22T23:14:45 IST" name="setUpClass" finished-at="2021-06-22T23:14:45 IST" duration-ms="245" status="PASS">
          <reporter-output>
          </reporter-output>
        </test-method> <!-- setUpClass -->
        <test-method is-config="true" signature="tearDownClass()[pri:0, instance:testRunner.Runner@37b70343]" started-at="2021-06-22T23:14:45 IST" name="tearDownClass" finished-at="2021-06-22T23:14:45 IST" duration-ms="17" status="PASS">
          <reporter-output>
          </reporter-output>
        </test-method> <!-- tearDownClass -->
      </class> <!-- testRunner.Runner -->
    </test> <!-- Test -->
  </suite> <!-- Suite -->
</testng-results>
