<?xml version="1.0" encoding="UTF-8"?>
<testng-results ignored="0" total="1" passed="1" failed="0" skipped="0">
  <reporter-output>
  </reporter-output>
  <suite started-at="2021-06-21T10:59:14 IST" name="Default suite" finished-at="2021-06-21T10:59:17 IST" duration-ms="2317">
    <groups>
      <group name="smoke">
        <method signature="Launch.launchKite()[pri:0, instance:Zerodha.Kite.Launch@5b67bb7e]" name="launchKite" class="Zerodha.Kite.Launch"/>
      </group> <!-- smoke -->
    </groups>
    <test started-at="2021-06-21T10:59:14 IST" name="Default test" finished-at="2021-06-21T10:59:17 IST" duration-ms="2317">
      <class name="Zerodha.Kite.Launch">
        <test-method signature="launchKite()[pri:0, instance:Zerodha.Kite.Launch@5b67bb7e]" started-at="2021-06-21T10:59:14 IST" name="launchKite" finished-at="2021-06-21T10:59:17 IST" duration-ms="2293" status="PASS">
          <reporter-output>
          </reporter-output>
        </test-method> <!-- launchKite -->
      </class> <!-- Zerodha.Kite.Launch -->
    </test> <!-- Default test -->
  </suite> <!-- Default suite -->
</testng-results>
