<?xml version="1.0" encoding="UTF-8"?>
<!-- Generated by org.testng.reporters.JUnitXMLReporter -->
<testsuite ignored="3" hostname="DESKTOP-E4E5DC2" failures="0" tests="1" name="Test" time="3.945" errors="0" timestamp="2021-06-21T08:45:27 IST">
  <testcase classname="Zerodha.Kite.Launch" name="launchKite" time="3.898"/>
  <testcase classname="Zerodha.Kite.Launch2" name="launchKite" time="0.0">
    <ignored/>
  </testcase> <!-- launchKite -->
  <testcase classname="Zerodha.Kite.Launch3" name="launchKite" time="0.0">
    <ignored/>
  </testcase> <!-- launchKite -->
  <testcase classname="Zerodha.Kite.Launch4" name="launchKite" time="0.0">
    <ignored/>
  </testcase> <!-- launchKite -->
</testsuite> <!-- Test -->
