<?xml version="1.0" encoding="UTF-8"?>
<testng-results ignored="3" total="4" passed="1" failed="0" skipped="0">
  <reporter-output>
  </reporter-output>
  <suite started-at="2021-06-21T11:00:38 IST" name="Suite" finished-at="2021-06-21T11:00:42 IST" duration-ms="3451">
    <groups>
      <group name="smoke">
        <method signature="Launch.launchKite()[pri:0, instance:Zerodha.Kite.Launch@57a3e26a]" name="launchKite" class="Zerodha.Kite.Launch"/>
      </group> <!-- smoke -->
    </groups>
    <test started-at="2021-06-21T11:00:38 IST" name="Test" finished-at="2021-06-21T11:00:42 IST" duration-ms="3451">
      <class name="Zerodha.Kite.Launch">
        <test-method signature="launchKite()[pri:0, instance:Zerodha.Kite.Launch@57a3e26a]" started-at="2021-06-21T11:00:38 IST" name="launchKite" finished-at="2021-06-21T11:00:42 IST" duration-ms="3426" status="PASS">
          <reporter-output>
          </reporter-output>
        </test-method> <!-- launchKite -->
      </class> <!-- Zerodha.Kite.Launch -->
    </test> <!-- Test -->
  </suite> <!-- Suite -->
</testng-results>
